openCVLibrary2411/build/intermediates/manifest_merge_blame_file/debug/manifest-merger-blame-debug-report.txt
1<?xml version="1.0" encoding="utf-8"?>
2<manifest xmlns:android="http://schemas.android.com/apk/res/android"
3    package="org.opencv"
4    android:versionCode="24110"
5    android:versionName="2.4.11" >
6
7    <uses-sdk
8        android:minSdkVersion="8"
8-->src/main/AndroidManifest.xml
9        android:targetSdkVersion="8" />
9-->src/main/AndroidManifest.xml
10
11</manifest>